2022-04-30 23:13:30,083 -utils_logger.py[line: 32] -INFO:
    --正在运行 Sphinx v4.5.0
正在加载翻译 [en]... 完成
加载 pickled环境... 完成
构建 [mo]： 0 个 po 文件的目标文件已过期
构建 [html]： 9 个源文件的目标文件已过期
更新环境: [配置有变化 ('release')] 已添加 9，0 已更改，0 已移除
阅读源... [ 11%] dramkit                                                          阅读源... [ 22%] dramkit.datsci                                                   阅读源... [ 33%] dramkit.logtools                                                 阅读源... [ 44%] dramkit.other                                                    阅读源... [ 55%] dramkit.plottools                                                阅读源... [ 66%] dramkit.pystyles                                                 阅读源... [ 77%] dramkit.sorts                                                    阅读源... [ 88%] dramkit.speedup                                                  阅读源... [100%] index                                                            
D:\Genlovy_Hoo\HooProjects\dramkit\dramkit\pystyles\dramkit_style.py:docstring of dramkit.pystyles.dramkit_style:18: WARNING: 脚注 [8] 没有被引用过。
D:\Genlovy_Hoo\HooProjects\dramkit\dramkit\pystyles\dramkit_style.py:docstring of dramkit.pystyles.dramkit_style:19: WARNING: 脚注 [9] 没有被引用过。
D:\Genlovy_Hoo\HooProjects\dramkit\dramkit\pystyles\dramkit_style.py:docstring of dramkit.pystyles.dramkit_style:20: WARNING: 脚注 [10] 没有被引用过。
D:\Genlovy_Hoo\HooProjects\dramkit\dramkit\pystyles\dramkit_style.py:docstring of dramkit.pystyles.dramkit_style:21: WARNING: 脚注 [11] 没有被引用过。
D:\Genlovy_Hoo\HooProjects\dramkit\dramkit\pystyles\dramkit_style.py:docstring of dramkit.pystyles.dramkit_style:24: WARNING: 脚注 [12] 没有被引用过。
查找当前已过期的文件... 没有找到
pickling环境... 完成
检查一致性... 完成
准备文件... 完成
写入输出... [ 11%] dramkit                                                         写入输出... [ 22%] dramkit.datsci                                                  写入输出... [ 33%] dramkit.logtools                                                写入输出... [ 44%] dramkit.other                                                   写入输出... [ 55%] dramkit.plottools                                               写入输出... [ 66%] dramkit.pystyles                                                写入输出... [ 77%] dramkit.sorts                                                   写入输出... [ 88%] dramkit.speedup                                                 写入输出... [100%] index                                                           
正在生成索引... genindex py-modindex 完成
正在写入附加页面... search 完成
正在复制静态文件... 完成
正在复制额外文件... 完成
正在导出 English (code: en) 的搜索索引... 完成
正在导出对象清单... 完成
构建 成功，5 警告。

HTML 页面保存在 build\html 目录。

